# JRE version: OpenJDK Runtime Environment Temurin-21.0.7+6 (21.0.7+6) (build 21.0.7+6-LTS)
# Java VM: OpenJDK 64-Bit Server VM Temurin-21.0.7+6 (21.0.7+6-LTS, mixed mode, sharing, tiered, compressed oops, compressed class ptrs, parallel gc, windows-amd64)
GC Precious Log:
 CardTable entry size: 512
 CPUs: 8 total, 8 available
 Memory: 6021M
 Large Page Support: Disabled
 NUMA Support: Disabled
 Compressed Oops: Enabled (32-bit)
 Alignments: Space 512K, Generation 512K, Heap 2M
 Heap Min Capacity: 100M
 Heap Initial Capacity: 100M
 Heap Max Capacity: 2G
 Pre-touch: Disabled
 Parallel Workers: 8
Heap:
 PSYoungGen      total 7680K, used 6381K [0x00000000d5580000, 0x00000000d5f00000, 0x0000000100000000)
  eden space 5632K, 78% used [0x00000000d5580000,0x00000000d59d2518,0x00000000d5b00000)
  from space 2048K, 95% used [0x00000000d5b00000,0x00000000d5ce9010,0x00000000d5d00000)
  to   space 2048K, 0% used [0x00000000d5d00000,0x00000000d5d00000,0x00000000d5f00000)
 ParOldGen       total 662016K, used 661783K [0x0000000080000000, 0x00000000a8680000, 0x00000000d5580000)
  object space 662016K, 99% used [0x0000000080000000,0x00000000a8645f70,0x00000000a8680000)
 Metaspace       used 50618K, committed 51712K, reserved 1114112K
  class space    used 5322K, committed 5760K, reserved 1048576K
GC Heap History (20 events):
Event: 50.074 GC heap before
{Heap before GC invocations=824 (full 2):
 PSYoungGen      total 3584K, used 3456K [0x00000000d5580000, 0x00000000d5b00000, 0x0000000100000000)
  eden space 2560K, 100% used [0x00000000d5580000,0x00000000d5800000,0x00000000d5800000)
  from space 1024K, 87% used [0x00000000d5800000,0x00000000d58e0000,0x00000000d5900000)
  to   space 1536K, 0% used [0x00000000d5980000,0x00000000d5980000,0x00000000d5b00000)
 ParOldGen       total 643072K, used 642610K [0x0000000080000000, 0x00000000a7400000, 0x00000000d5580000)
  object space 643072K, 99% used [0x0000000080000000,0x00000000a738cbf0,0x00000000a7400000)
 Metaspace       used 50574K, committed 51648K, reserved 1114112K
  class space    used 5321K, committed 5760K, reserved 1048576K
}
Event: 50.077 GC heap after
{Heap after GC invocations=824 (full 2):
 PSYoungGen      total 3584K, used 928K [0x00000000d5580000, 0x00000000d5a80000, 0x0000000100000000)
  eden space 2560K, 0% used [0x00000000d5580000,0x00000000d5580000,0x00000000d5800000)
  from space 1024K, 90% used [0x00000000d5980000,0x00000000d5a68000,0x00000000d5a80000)
  to   space 1024K, 0% used [0x00000000d5800000,0x00000000d5800000,0x00000000d5900000)
 ParOldGen       total 643584K, used 643482K [0x0000000080000000, 0x00000000a7480000, 0x00000000d5580000)
  object space 643584K, 99% used [0x0000000080000000,0x00000000a7466bf0,0x00000000a7480000)
 Metaspace       used 50574K, committed 51648K, reserved 1114112K
  class space    used 5321K, committed 5760K, reserved 1048576K
}
Event: 50.096 GC heap before
{Heap before GC invocations=825 (full 2):
 PSYoungGen      total 3584K, used 3488K [0x00000000d5580000, 0x00000000d5a80000, 0x0000000100000000)
  eden space 2560K, 100% used [0x00000000d5580000,0x00000000d5800000,0x00000000d5800000)
  from space 1024K, 90% used [0x00000000d5980000,0x00000000d5a68000,0x00000000d5a80000)
  to   space 1024K, 0% used [0x00000000d5800000,0x00000000d5800000,0x00000000d5900000)
 ParOldGen       total 643584K, used 643482K [0x0000000080000000, 0x00000000a7480000, 0x00000000d5580000)
  object space 643584K, 99% used [0x0000000080000000,0x00000000a7466bf0,0x00000000a7480000)
 Metaspace       used 50579K, committed 51712K, reserved 1114112K
  class space    used 5322K, committed 5760K, reserved 1048576K
}
Event: 50.101 GC heap after
{Heap after GC invocations=825 (full 2):
 PSYoungGen      total 3584K, used 1013K [0x00000000d5580000, 0x00000000d6000000, 0x0000000100000000)
  eden space 2560K, 0% used [0x00000000d5580000,0x00000000d5580000,0x00000000d5800000)
  from space 1024K, 98% used [0x00000000d5800000,0x00000000d58fd528,0x00000000d5900000)
  to   space 4096K, 0% used [0x00000000d5c00000,0x00000000d5c00000,0x00000000d6000000)
 ParOldGen       total 646144K, used 645762K [0x0000000080000000, 0x00000000a7700000, 0x00000000d5580000)
  object space 646144K, 99% used [0x0000000080000000,0x00000000a76a0bf0,0x00000000a7700000)
 Metaspace       used 50579K, committed 51712K, reserved 1114112K
  class space    used 5322K, committed 5760K, reserved 1048576K
}
Event: 50.110 GC heap before
{Heap before GC invocations=826 (full 2):
 PSYoungGen      total 3584K, used 3573K [0x00000000d5580000, 0x00000000d6000000, 0x0000000100000000)
  eden space 2560K, 100% used [0x00000000d5580000,0x00000000d5800000,0x00000000d5800000)
  from space 1024K, 98% used [0x00000000d5800000,0x00000000d58fd528,0x00000000d5900000)
  to   space 4096K, 0% used [0x00000000d5c00000,0x00000000d5c00000,0x00000000d6000000)
 ParOldGen       total 646144K, used 645762K [0x0000000080000000, 0x00000000a7700000, 0x00000000d5580000)
  object space 646144K, 99% used [0x0000000080000000,0x00000000a76a0bf0,0x00000000a7700000)
 Metaspace       used 50579K, committed 51712K, reserved 1114112K
  class space    used 5322K, committed 5760K, reserved 1048576K
}
Event: 50.115 GC heap after
{Heap after GC invocations=826 (full 2):
 PSYoungGen      total 6144K, used 2656K [0x00000000d5580000, 0x00000000d5f00000, 0x0000000100000000)
  eden space 3072K, 0% used [0x00000000d5580000,0x00000000d5580000,0x00000000d5880000)
  from space 3072K, 86% used [0x00000000d5c00000,0x00000000d5e98000,0x00000000d5f00000)
  to   space 3072K, 0% used [0x00000000d5900000,0x00000000d5900000,0x00000000d5c00000)
 ParOldGen       total 647168K, used 646712K [0x0000000080000000, 0x00000000a7800000, 0x00000000d5580000)
  object space 647168K, 99% used [0x0000000080000000,0x00000000a778e118,0x00000000a7800000)
 Metaspace       used 50579K, committed 51712K, reserved 1114112K
  class space    used 5322K, committed 5760K, reserved 1048576K
}
Event: 50.132 GC heap before
{Heap before GC invocations=827 (full 2):
 PSYoungGen      total 6144K, used 5728K [0x00000000d5580000, 0x00000000d5f00000, 0x0000000100000000)
  eden space 3072K, 100% used [0x00000000d5580000,0x00000000d5880000,0x00000000d5880000)
  from space 3072K, 86% used [0x00000000d5c00000,0x00000000d5e98000,0x00000000d5f00000)
  to   space 3072K, 0% used [0x00000000d5900000,0x00000000d5900000,0x00000000d5c00000)
 ParOldGen       total 647168K, used 646712K [0x0000000080000000, 0x00000000a7800000, 0x00000000d5580000)
  object space 647168K, 99% used [0x0000000080000000,0x00000000a778e118,0x00000000a7800000)
 Metaspace       used 50586K, committed 51712K, reserved 1114112K
  class space    used 5322K, committed 5760K, reserved 1048576K
}
Event: 50.140 GC heap after
{Heap after GC invocations=827 (full 2):
 PSYoungGen      total 6656K, used 3066K [0x00000000d5580000, 0x00000000d6680000, 0x0000000100000000)
  eden space 3584K, 0% used [0x00000000d5580000,0x00000000d5580000,0x00000000d5900000)
  from space 3072K, 99% used [0x00000000d5900000,0x00000000d5bfeb88,0x00000000d5c00000)
  to   space 6656K, 0% used [0x00000000d6000000,0x00000000d6000000,0x00000000d6680000)
 ParOldGen       total 649728K, used 649336K [0x0000000080000000, 0x00000000a7a80000, 0x00000000d5580000)
  object space 649728K, 99% used [0x0000000080000000,0x00000000a7a1e118,0x00000000a7a80000)
 Metaspace       used 50586K, committed 51712K, reserved 1114112K
  class space    used 5322K, committed 5760K, reserved 1048576K
}
Event: 50.161 GC heap before
{Heap before GC invocations=828 (full 2):
 PSYoungGen      total 6656K, used 6650K [0x00000000d5580000, 0x00000000d6680000, 0x0000000100000000)
  eden space 3584K, 100% used [0x00000000d5580000,0x00000000d5900000,0x00000000d5900000)
  from space 3072K, 99% used [0x00000000d5900000,0x00000000d5bfeb88,0x00000000d5c00000)
  to   space 6656K, 0% used [0x00000000d6000000,0x00000000d6000000,0x00000000d6680000)
 ParOldGen       total 649728K, used 649336K [0x0000000080000000, 0x00000000a7a80000, 0x00000000d5580000)
  object space 649728K, 99% used [0x0000000080000000,0x00000000a7a1e118,0x00000000a7a80000)
 Metaspace       used 50602K, committed 51712K, reserved 1114112K
  class space    used 5322K, committed 5760K, reserved 1048576K
}
Event: 50.167 GC heap after
{Heap after GC invocations=828 (full 2):
 PSYoungGen      total 7680K, used 2572K [0x00000000d5580000, 0x00000000d6300000, 0x0000000100000000)
  eden space 4608K, 0% used [0x00000000d5580000,0x00000000d5580000,0x00000000d5a00000)
  from space 3072K, 83% used [0x00000000d6000000,0x00000000d62832e0,0x00000000d6300000)
  to   space 4096K, 0% used [0x00000000d5b00000,0x00000000d5b00000,0x00000000d5f00000)
 ParOldGen       total 651264K, used 651137K [0x0000000080000000, 0x00000000a7c00000, 0x00000000d5580000)
  object space 651264K, 99% used [0x0000000080000000,0x00000000a7be0770,0x00000000a7c00000)
 Metaspace       used 50602K, committed 51712K, reserved 1114112K
  class space    used 5322K, committed 5760K, reserved 1048576K
}
Event: 50.204 GC heap before
{Heap before GC invocations=829 (full 2):
 PSYoungGen      total 7680K, used 7180K [0x00000000d5580000, 0x00000000d6300000, 0x0000000100000000)
  eden space 4608K, 100% used [0x00000000d5580000,0x00000000d5a00000,0x00000000d5a00000)
  from space 3072K, 83% used [0x00000000d6000000,0x00000000d62832e0,0x00000000d6300000)
  to   space 4096K, 0% used [0x00000000d5b00000,0x00000000d5b00000,0x00000000d5f00000)
 ParOldGen       total 651264K, used 651137K [0x0000000080000000, 0x00000000a7c00000, 0x00000000d5580000)
  object space 651264K, 99% used [0x0000000080000000,0x00000000a7be0770,0x00000000a7c00000)
 Metaspace       used 50610K, committed 51712K, reserved 1114112K
  class space    used 5322K, committed 5760K, reserved 1048576K
}
Event: 50.210 GC heap after
{Heap after GC invocations=829 (full 2):
 PSYoungGen      total 9216K, used 3072K [0x00000000d5580000, 0x00000000d6200000, 0x0000000100000000)
  eden space 5632K, 0% used [0x00000000d5580000,0x00000000d5580000,0x00000000d5b00000)
  from space 3584K, 85% used [0x00000000d5b00000,0x00000000d5e003a8,0x00000000d5e80000)
  to   space 3584K, 0% used [0x00000000d5e80000,0x00000000d5e80000,0x00000000d6200000)
 ParOldGen       total 653312K, used 653288K [0x0000000080000000, 0x00000000a7e00000, 0x00000000d5580000)
  object space 653312K, 99% used [0x0000000080000000,0x00000000a7dfa260,0x00000000a7e00000)
 Metaspace       used 50610K, committed 51712K, reserved 1114112K
  class space    used 5322K, committed 5760K, reserved 1048576K
}
Event: 50.341 GC heap before
{Heap before GC invocations=830 (full 2):
 PSYoungGen      total 9216K, used 8704K [0x00000000d5580000, 0x00000000d6200000, 0x0000000100000000)
  eden space 5632K, 100% used [0x00000000d5580000,0x00000000d5b00000,0x00000000d5b00000)
  from space 3584K, 85% used [0x00000000d5b00000,0x00000000d5e003a8,0x00000000d5e80000)
  to   space 3584K, 0% used [0x00000000d5e80000,0x00000000d5e80000,0x00000000d6200000)
 ParOldGen       total 653312K, used 653288K [0x0000000080000000, 0x00000000a7e00000, 0x00000000d5580000)
  object space 653312K, 99% used [0x0000000080000000,0x00000000a7dfa260,0x00000000a7e00000)
 Metaspace       used 50615K, committed 51712K, reserved 1114112K
  class space    used 5322K, committed 5760K, reserved 1048576K
}
Event: 50.349 GC heap after
{Heap after GC invocations=830 (full 2):
 PSYoungGen      total 8192K, used 2372K [0x00000000d5580000, 0x00000000d6100000, 0x0000000100000000)
  eden space 5632K, 0% used [0x00000000d5580000,0x00000000d5580000,0x00000000d5b00000)
  from space 2560K, 92% used [0x00000000d5e80000,0x00000000d60d1020,0x00000000d6100000)
  to   space 3072K, 0% used [0x00000000d5b00000,0x00000000d5b00000,0x00000000d5e00000)
 ParOldGen       total 656384K, used 656150K [0x0000000080000000, 0x00000000a8100000, 0x00000000d5580000)
  object space 656384K, 99% used [0x0000000080000000,0x00000000a80c5b50,0x00000000a8100000)
 Metaspace       used 50615K, committed 51712K, reserved 1114112K
  class space    used 5322K, committed 5760K, reserved 1048576K
}
Event: 50.456 GC heap before
{Heap before GC invocations=831 (full 2):
 PSYoungGen      total 8192K, used 8004K [0x00000000d5580000, 0x00000000d6100000, 0x0000000100000000)
  eden space 5632K, 100% used [0x00000000d5580000,0x00000000d5b00000,0x00000000d5b00000)
  from space 2560K, 92% used [0x00000000d5e80000,0x00000000d60d1020,0x00000000d6100000)
  to   space 3072K, 0% used [0x00000000d5b00000,0x00000000d5b00000,0x00000000d5e00000)
 ParOldGen       total 656384K, used 656150K [0x0000000080000000, 0x00000000a8100000, 0x00000000d5580000)
  object space 656384K, 99% used [0x0000000080000000,0x00000000a80c5b50,0x00000000a8100000)
 Metaspace       used 50615K, committed 51712K, reserved 1114112K
  class space    used 5322K, committed 5760K, reserved 1048576K
}
Event: 50.460 GC heap after
{Heap after GC invocations=831 (full 2):
 PSYoungGen      total 7680K, used 1888K [0x00000000d5580000, 0x00000000d6000000, 0x0000000100000000)
  eden space 5632K, 0% used [0x00000000d5580000,0x00000000d5580000,0x00000000d5b00000)
  from space 2048K, 92% used [0x00000000d5b00000,0x00000000d5cd8000,0x00000000d5d00000)
  to   space 2560K, 0% used [0x00000000d5d80000,0x00000000d5d80000,0x00000000d6000000)
 ParOldGen       total 658432K, used 658379K [0x0000000080000000, 0x00000000a8300000, 0x00000000d5580000)
  object space 658432K, 99% used [0x0000000080000000,0x00000000a82f2f18,0x00000000a8300000)
 Metaspace       used 50615K, committed 51712K, reserved 1114112K
  class space    used 5322K, committed 5760K, reserved 1048576K
}
Event: 50.565 GC heap before
{Heap before GC invocations=832 (full 2):
 PSYoungGen      total 7680K, used 7519K [0x00000000d5580000, 0x00000000d6000000, 0x0000000100000000)
  eden space 5632K, 99% used [0x00000000d5580000,0x00000000d5affff0,0x00000000d5b00000)
  from space 2048K, 92% used [0x00000000d5b00000,0x00000000d5cd8000,0x00000000d5d00000)
  to   space 2560K, 0% used [0x00000000d5d80000,0x00000000d5d80000,0x00000000d6000000)
 ParOldGen       total 658432K, used 658379K [0x0000000080000000, 0x00000000a8300000, 0x00000000d5580000)
  object space 658432K, 99% used [0x0000000080000000,0x00000000a82f2f18,0x00000000a8300000)
 Metaspace       used 50616K, committed 51712K, reserved 1114112K
  class space    used 5322K, committed 5760K, reserved 1048576K
}
Event: 50.570 GC heap after
{Heap after GC invocations=832 (full 2):
 PSYoungGen      total 8192K, used 2162K [0x00000000d5580000, 0x00000000d6000000, 0x0000000100000000)
  eden space 5632K, 0% used [0x00000000d5580000,0x00000000d5580000,0x00000000d5b00000)
  from space 2560K, 84% used [0x00000000d5d80000,0x00000000d5f9c808,0x00000000d6000000)
  to   space 2560K, 0% used [0x00000000d5b00000,0x00000000d5b00000,0x00000000d5d80000)
 ParOldGen       total 660480K, used 660122K [0x0000000080000000, 0x00000000a8500000, 0x00000000d5580000)
  object space 660480K, 99% used [0x0000000080000000,0x00000000a84a68b0,0x00000000a8500000)
 Metaspace       used 50616K, committed 51712K, reserved 1114112K
  class space    used 5322K, committed 5760K, reserved 1048576K
}
Event: 50.653 GC heap before
{Heap before GC invocations=833 (full 2):
 PSYoungGen      total 8192K, used 7794K [0x00000000d5580000, 0x00000000d6000000, 0x0000000100000000)
  eden space 5632K, 100% used [0x00000000d5580000,0x00000000d5b00000,0x00000000d5b00000)
  from space 2560K, 84% used [0x00000000d5d80000,0x00000000d5f9c808,0x00000000d6000000)
  to   space 2560K, 0% used [0x00000000d5b00000,0x00000000d5b00000,0x00000000d5d80000)
 ParOldGen       total 660480K, used 660122K [0x0000000080000000, 0x00000000a8500000, 0x00000000d5580000)
  object space 660480K, 99% used [0x0000000080000000,0x00000000a84a68b0,0x00000000a8500000)
 Metaspace       used 50617K, committed 51712K, reserved 1114112K
  class space    used 5322K, committed 5760K, reserved 1048576K
}
Event: 50.659 GC heap after
{Heap after GC invocations=833 (full 2):
 PSYoungGen      total 7680K, used 1956K [0x00000000d5580000, 0x00000000d5f00000, 0x0000000100000000)
  eden space 5632K, 0% used [0x00000000d5580000,0x00000000d5580000,0x00000000d5b00000)
  from space 2048K, 95% used [0x00000000d5b00000,0x00000000d5ce9010,0x00000000d5d00000)
  to   space 2048K, 0% used [0x00000000d5d00000,0x00000000d5d00000,0x00000000d5f00000)
 ParOldGen       total 662016K, used 661783K [0x0000000080000000, 0x00000000a8680000, 0x00000000d5580000)
  object space 662016K, 99% used [0x0000000080000000,0x00000000a8645f70,0x00000000a8680000)
 Metaspace       used 50617K, committed 51712K, reserved 1114112K
  class space    used 5322K, committed 5760K, reserved 1048576K
}

